2019-04-04 17:35:35 | [34mINFO [0;39m | [1;33mrestartedMain[0;39m | [1;32mcom.demo.Application[0;39m | Starting Application on DESKTOP-ND54UKQ with PID 11632 (G:\Ideacode\DemoCollection\Demo_01\target\classes started by admin1902 in G:\Ideacode\DemoCollection\Demo_01)
2019-04-04 17:35:35 | [34mINFO [0;39m | [1;33mrestartedMain[0;39m | [1;32mcom.demo.Application[0;39m | No active profile set, falling back to default profiles: default
2019-04-04 17:35:35 | [34mINFO [0;39m | [1;33mrestartedMain[0;39m | [1;32morg.springframework.boot.web.servlet.context.AnnotationConfigServletWebServerApplicationContext[0;39m | Refreshing org.springframework.boot.web.servlet.context.AnnotationConfigServletWebServerApplicationContext@24a49e28: startup date [Thu Apr 04 17:35:35 CST 2019]; root of context hierarchy
2019-04-04 17:35:36 | [34mINFO [0;39m | [1;33mrestartedMain[0;39m | [1;32morg.springframework.boot.web.embedded.tomcat.TomcatWebServer[0;39m | Tomcat initialized with port(s): 8080 (http)
2019-04-04 17:35:36 | [34mINFO [0;39m | [1;33mrestartedMain[0;39m | [1;32morg.apache.coyote.http11.Http11NioProtocol[0;39m | Initializing ProtocolHandler ["http-nio-8080"]
2019-04-04 17:35:36 | [34mINFO [0;39m | [1;33mrestartedMain[0;39m | [1;32morg.apache.catalina.core.StandardService[0;39m | Starting service [Tomcat]
2019-04-04 17:35:36 | [34mINFO [0;39m | [1;33mrestartedMain[0;39m | [1;32morg.apache.catalina.core.StandardEngine[0;39m | Starting Servlet Engine: Apache Tomcat/8.5.34
2019-04-04 17:35:36 | [34mINFO [0;39m | [1;33mlocalhost-startStop-1[0;39m | [1;32morg.apache.catalina.core.AprLifecycleListener[0;39m | The APR based Apache Tomcat Native library which allows optimal performance in production environments was not found on the java.library.path: [C:\Program Files\Java\jdk1.8.0_131\jre\bin;C:\Windows\Sun\Java\bin;C:\Windows\system32;C:\Windows;C:\ProgramData\Oracle\Java\javapath;C:\Windows\system32;C:\Windows;C:\Windows\System32\Wbem;C:\Windows\System32\WindowsPowerShell\v1.0\;C:\Windows\System32\OpenSSH\;"C:\Program Files\Java\jdk1.8.0_131\bin;C:\Program Files\Java\jdk1.8.0_131\jre\bin;";C:\Program Files\TortoiseSVN\bin;F:\mysql-5.7.25-winx64\bin;C:\Program Files\Git\cmd;%MAVEN_HOME%\bin;%MYSQL_HOME%\bin;C:\Users\admin1902\AppData\Local\Microsoft\WindowsApps;;E:\IntelliJ IDEA 2018.3\bin;;.]
2019-04-04 17:35:36 | [34mINFO [0;39m | [1;33mlocalhost-startStop-1[0;39m | [1;32morg.apache.jasper.servlet.TldScanner[0;39m | At least one JAR was scanned for TLDs yet contained no TLDs. Enable debug logging for this logger for a complete list of JARs that were scanned but no TLDs were found in them. Skipping unneeded JARs during scanning can improve startup time and JSP compilation time.
2019-04-04 17:35:36 | [34mINFO [0;39m | [1;33mlocalhost-startStop-1[0;39m | [1;32morg.apache.catalina.core.ContainerBase.[Tomcat].[localhost].[/][0;39m | Initializing Spring embedded WebApplicationContext
2019-04-04 17:35:36 | [34mINFO [0;39m | [1;33mlocalhost-startStop-1[0;39m | [1;32morg.springframework.web.context.ContextLoader[0;39m | Root WebApplicationContext: initialization completed in 1499 ms
2019-04-04 17:35:36 | [34mINFO [0;39m | [1;33mlocalhost-startStop-1[0;39m | [1;32morg.springframework.boot.web.servlet.ServletRegistrationBean[0;39m | Servlet dispatcherServlet mapped to [/]
2019-04-04 17:35:36 | [34mINFO [0;39m | [1;33mlocalhost-startStop-1[0;39m | [1;32morg.springframework.boot.web.servlet.FilterRegistrationBean[0;39m | Mapping filter: 'characterEncodingFilter' to: [/*]
2019-04-04 17:35:36 | [34mINFO [0;39m | [1;33mlocalhost-startStop-1[0;39m | [1;32morg.springframework.boot.web.servlet.FilterRegistrationBean[0;39m | Mapping filter: 'hiddenHttpMethodFilter' to: [/*]
2019-04-04 17:35:36 | [34mINFO [0;39m | [1;33mlocalhost-startStop-1[0;39m | [1;32morg.springframework.boot.web.servlet.FilterRegistrationBean[0;39m | Mapping filter: 'httpPutFormContentFilter' to: [/*]
2019-04-04 17:35:36 | [34mINFO [0;39m | [1;33mlocalhost-startStop-1[0;39m | [1;32morg.springframework.boot.web.servlet.FilterRegistrationBean[0;39m | Mapping filter: 'requestContextFilter' to: [/*]
2019-04-04 17:35:37 | [34mINFO [0;39m | [1;33mrestartedMain[0;39m | [1;32morg.springframework.web.servlet.handler.SimpleUrlHandlerMapping[0;39m | Mapped URL path [/**/favicon.ico] onto handler of type [class org.springframework.web.servlet.resource.ResourceHttpRequestHandler]
2019-04-04 17:35:37 | [34mINFO [0;39m | [1;33mrestartedMain[0;39m | [1;32morg.springframework.web.servlet.mvc.method.annotation.RequestMappingHandlerAdapter[0;39m | Looking for @ControllerAdvice: org.springframework.boot.web.servlet.context.AnnotationConfigServletWebServerApplicationContext@24a49e28: startup date [Thu Apr 04 17:35:35 CST 2019]; root of context hierarchy
2019-04-04 17:35:37 | [34mINFO [0;39m | [1;33mrestartedMain[0;39m | [1;32morg.springframework.web.servlet.mvc.method.annotation.RequestMappingHandlerMapping[0;39m | Mapped "{[/department/{id}],methods=[GET]}" onto public com.demo.domain.Department com.demo.controller.DepartmentController.get(java.lang.Long)
2019-04-04 17:35:37 | [34mINFO [0;39m | [1;33mrestartedMain[0;39m | [1;32morg.springframework.web.servlet.mvc.method.annotation.RequestMappingHandlerMapping[0;39m | Mapped "{[/department/{id}],methods=[DELETE]}" onto public com.demo.utils.AjaxResult com.demo.controller.DepartmentController.delete(java.lang.Long)
2019-04-04 17:35:37 | [34mINFO [0;39m | [1;33mrestartedMain[0;39m | [1;32morg.springframework.web.servlet.mvc.method.annotation.RequestMappingHandlerMapping[0;39m | Mapped "{[/department/list],methods=[GET]}" onto public java.util.List<com.demo.domain.Department> com.demo.controller.DepartmentController.list()
2019-04-04 17:35:37 | [34mINFO [0;39m | [1;33mrestartedMain[0;39m | [1;32morg.springframework.web.servlet.mvc.method.annotation.RequestMappingHandlerMapping[0;39m | Mapped "{[/department/save],methods=[POST]}" onto public com.demo.utils.AjaxResult com.demo.controller.DepartmentController.save(com.demo.domain.Department)
2019-04-04 17:35:37 | [34mINFO [0;39m | [1;33mrestartedMain[0;39m | [1;32morg.springframework.web.servlet.mvc.method.annotation.RequestMappingHandlerMapping[0;39m | Mapped "{[/department/pagelist]}" onto public com.demo.utils.PageList<com.demo.domain.Department> com.demo.controller.DepartmentController.pagelist(com.demo.query.DepartmentQuery)
2019-04-04 17:35:37 | [34mINFO [0;39m | [1;33mrestartedMain[0;39m | [1;32morg.springframework.web.servlet.mvc.method.annotation.RequestMappingHandlerMapping[0;39m | Mapped "{[/eventhandle/{id}],methods=[GET]}" onto public com.demo.domain.Eventhandle com.demo.controller.EventhandleController.get(java.lang.Long)
2019-04-04 17:35:37 | [34mINFO [0;39m | [1;33mrestartedMain[0;39m | [1;32morg.springframework.web.servlet.mvc.method.annotation.RequestMappingHandlerMapping[0;39m | Mapped "{[/eventhandle/{id}],methods=[DELETE]}" onto public com.demo.utils.AjaxResult com.demo.controller.EventhandleController.delete(java.lang.Long)
2019-04-04 17:35:37 | [34mINFO [0;39m | [1;33mrestartedMain[0;39m | [1;32morg.springframework.web.servlet.mvc.method.annotation.RequestMappingHandlerMapping[0;39m | Mapped "{[/eventhandle/list],methods=[GET]}" onto public java.util.List<com.demo.domain.Eventhandle> com.demo.controller.EventhandleController.list()
2019-04-04 17:35:37 | [34mINFO [0;39m | [1;33mrestartedMain[0;39m | [1;32morg.springframework.web.servlet.mvc.method.annotation.RequestMappingHandlerMapping[0;39m | Mapped "{[/eventhandle/pagelist]}" onto public com.demo.utils.PageList<com.demo.domain.Eventhandle> com.demo.controller.EventhandleController.pagelist(com.demo.query.EventhandleQuery)
2019-04-04 17:35:37 | [34mINFO [0;39m | [1;33mrestartedMain[0;39m | [1;32morg.springframework.web.servlet.mvc.method.annotation.RequestMappingHandlerMapping[0;39m | Mapped "{[/eventhandle/save],methods=[POST]}" onto public com.demo.utils.AjaxResult com.demo.controller.EventhandleController.saveOrUpdate(com.demo.domain.Eventhandle)
2019-04-04 17:35:37 | [34mINFO [0;39m | [1;33mrestartedMain[0;39m | [1;32morg.springframework.web.servlet.mvc.method.annotation.RequestMappingHandlerMapping[0;39m | Mapped "{[/eventnotice/{id}],methods=[GET]}" onto public com.demo.domain.Eventnotice com.demo.controller.EventnoticeController.get(java.lang.Long)
2019-04-04 17:35:37 | [34mINFO [0;39m | [1;33mrestartedMain[0;39m | [1;32morg.springframework.web.servlet.mvc.method.annotation.RequestMappingHandlerMapping[0;39m | Mapped "{[/eventnotice/{id}],methods=[DELETE]}" onto public com.demo.utils.AjaxResult com.demo.controller.EventnoticeController.delete(java.lang.Long)
2019-04-04 17:35:37 | [34mINFO [0;39m | [1;33mrestartedMain[0;39m | [1;32morg.springframework.web.servlet.mvc.method.annotation.RequestMappingHandlerMapping[0;39m | Mapped "{[/eventnotice/list],methods=[GET]}" onto public java.util.List<com.demo.domain.Eventnotice> com.demo.controller.EventnoticeController.list()
2019-04-04 17:35:37 | [34mINFO [0;39m | [1;33mrestartedMain[0;39m | [1;32morg.springframework.web.servlet.mvc.method.annotation.RequestMappingHandlerMapping[0;39m | Mapped "{[/eventnotice/pagelist]}" onto public com.demo.utils.PageList<com.demo.domain.Eventnotice> com.demo.controller.EventnoticeController.pagelist(com.demo.query.EventnoticeQuery)
2019-04-04 17:35:37 | [34mINFO [0;39m | [1;33mrestartedMain[0;39m | [1;32morg.springframework.web.servlet.mvc.method.annotation.RequestMappingHandlerMapping[0;39m | Mapped "{[/eventnotice/save],methods=[POST]}" onto public com.demo.utils.AjaxResult com.demo.controller.EventnoticeController.saveOrUpdate(com.demo.domain.Eventnotice)
2019-04-04 17:35:37 | [34mINFO [0;39m | [1;33mrestartedMain[0;39m | [1;32morg.springframework.web.servlet.mvc.method.annotation.RequestMappingHandlerMapping[0;39m | Mapped "{[/location/{id}],methods=[GET]}" onto public com.demo.domain.Location com.demo.controller.LocationController.get(java.lang.Long)
2019-04-04 17:35:37 | [34mINFO [0;39m | [1;33mrestartedMain[0;39m | [1;32morg.springframework.web.servlet.mvc.method.annotation.RequestMappingHandlerMapping[0;39m | Mapped "{[/location/{id}],methods=[DELETE]}" onto public com.demo.utils.AjaxResult com.demo.controller.LocationController.delete(java.lang.Long)
2019-04-04 17:35:37 | [34mINFO [0;39m | [1;33mrestartedMain[0;39m | [1;32morg.springframework.web.servlet.mvc.method.annotation.RequestMappingHandlerMapping[0;39m | Mapped "{[/location/list],methods=[GET]}" onto public java.util.List<com.demo.domain.Location> com.demo.controller.LocationController.list()
2019-04-04 17:35:37 | [34mINFO [0;39m | [1;33mrestartedMain[0;39m | [1;32morg.springframework.web.servlet.mvc.method.annotation.RequestMappingHandlerMapping[0;39m | Mapped "{[/location/pagelist]}" onto public com.demo.utils.PageList<com.demo.domain.Location> com.demo.controller.LocationController.pagelist(com.demo.query.LocationQuery)
2019-04-04 17:35:37 | [34mINFO [0;39m | [1;33mrestartedMain[0;39m | [1;32morg.springframework.web.servlet.mvc.method.annotation.RequestMappingHandlerMapping[0;39m | Mapped "{[/location/save],methods=[POST]}" onto public com.demo.utils.AjaxResult com.demo.controller.LocationController.saveOrUpdate(com.demo.domain.Location)
2019-04-04 17:35:37 | [34mINFO [0;39m | [1;33mrestartedMain[0;39m | [1;32morg.springframework.web.servlet.mvc.method.annotation.RequestMappingHandlerMapping[0;39m | Mapped "{[/demo/phone],methods=[POST]}" onto public com.demo.utils.AjaxResult com.demo.controller.LoginController.phoneNum(java.lang.String)
2019-04-04 17:35:37 | [34mINFO [0;39m | [1;33mrestartedMain[0;39m | [1;32morg.springframework.web.servlet.mvc.method.annotation.RequestMappingHandlerMapping[0;39m | Mapped "{[/demo/Num],methods=[GET]}" onto public java.lang.String com.demo.controller.LoginController.phone(java.lang.String)
2019-04-04 17:35:37 | [34mINFO [0;39m | [1;33mrestartedMain[0;39m | [1;32morg.springframework.web.servlet.mvc.method.annotation.RequestMappingHandlerMapping[0;39m | Mapped "{[/demo/login],methods=[POST]}" onto public com.demo.utils.AjaxResult com.demo.controller.LoginController.login(com.demo.domain.User)
2019-04-04 17:35:37 | [34mINFO [0;39m | [1;33mrestartedMain[0;39m | [1;32morg.springframework.web.servlet.mvc.method.annotation.RequestMappingHandlerMapping[0;39m | Mapped "{[/managetype/{id}],methods=[GET]}" onto public com.demo.domain.Managetype com.demo.controller.ManagetypeController.get(java.lang.Long)
2019-04-04 17:35:37 | [34mINFO [0;39m | [1;33mrestartedMain[0;39m | [1;32morg.springframework.web.servlet.mvc.method.annotation.RequestMappingHandlerMapping[0;39m | Mapped "{[/managetype/{id}],methods=[DELETE]}" onto public com.demo.utils.AjaxResult com.demo.controller.ManagetypeController.delete(java.lang.Long)
2019-04-04 17:35:37 | [34mINFO [0;39m | [1;33mrestartedMain[0;39m | [1;32morg.springframework.web.servlet.mvc.method.annotation.RequestMappingHandlerMapping[0;39m | Mapped "{[/managetype/list],methods=[GET]}" onto public java.util.List<com.demo.domain.Managetype> com.demo.controller.ManagetypeController.list()
2019-04-04 17:35:37 | [34mINFO [0;39m | [1;33mrestartedMain[0;39m | [1;32morg.springframework.web.servlet.mvc.method.annotation.RequestMappingHandlerMapping[0;39m | Mapped "{[/managetype/pagelist]}" onto public com.demo.utils.PageList<com.demo.domain.Managetype> com.demo.controller.ManagetypeController.pagelist(com.demo.query.ManagetypeQuery)
2019-04-04 17:35:37 | [34mINFO [0;39m | [1;33mrestartedMain[0;39m | [1;32morg.springframework.web.servlet.mvc.method.annotation.RequestMappingHandlerMapping[0;39m | Mapped "{[/managetype/save],methods=[POST]}" onto public com.demo.utils.AjaxResult com.demo.controller.ManagetypeController.saveOrUpdate(com.demo.domain.Managetype)
2019-04-04 17:35:37 | [34mINFO [0;39m | [1;33mrestartedMain[0;39m | [1;32morg.springframework.web.servlet.mvc.method.annotation.RequestMappingHandlerMapping[0;39m | Mapped "{[/role/{id}],methods=[GET]}" onto public com.demo.domain.Role com.demo.controller.RoleController.get(java.lang.Long)
2019-04-04 17:35:37 | [34mINFO [0;39m | [1;33mrestartedMain[0;39m | [1;32morg.springframework.web.servlet.mvc.method.annotation.RequestMappingHandlerMapping[0;39m | Mapped "{[/role/{id}],methods=[DELETE]}" onto public com.demo.utils.AjaxResult com.demo.controller.RoleController.delete(java.lang.Long)
2019-04-04 17:35:37 | [34mINFO [0;39m | [1;33mrestartedMain[0;39m | [1;32morg.springframework.web.servlet.mvc.method.annotation.RequestMappingHandlerMapping[0;39m | Mapped "{[/role/list],methods=[GET]}" onto public java.util.List<com.demo.domain.Role> com.demo.controller.RoleController.list()
2019-04-04 17:35:37 | [34mINFO [0;39m | [1;33mrestartedMain[0;39m | [1;32morg.springframework.web.servlet.mvc.method.annotation.RequestMappingHandlerMapping[0;39m | Mapped "{[/role/pagelist]}" onto public com.demo.utils.PageList<com.demo.domain.Role> com.demo.controller.RoleController.pagelist(com.demo.query.RoleQuery)
2019-04-04 17:35:37 | [34mINFO [0;39m | [1;33mrestartedMain[0;39m | [1;32morg.springframework.web.servlet.mvc.method.annotation.RequestMappingHandlerMapping[0;39m | Mapped "{[/role/save],methods=[POST]}" onto public com.demo.utils.AjaxResult com.demo.controller.RoleController.saveOrUpdate(com.demo.domain.Role)
2019-04-04 17:35:37 | [34mINFO [0;39m | [1;33mrestartedMain[0;39m | [1;32morg.springframework.web.servlet.mvc.method.annotation.RequestMappingHandlerMapping[0;39m | Mapped "{[/upload/go]}" onto public java.lang.String com.demo.controller.UploadController.go()
2019-04-04 17:35:37 | [34mINFO [0;39m | [1;33mrestartedMain[0;39m | [1;32morg.springframework.web.servlet.mvc.method.annotation.RequestMappingHandlerMapping[0;39m | Mapped "{[/upload/up]}" onto public com.demo.utils.AjaxResult com.demo.controller.UploadController.upload(org.springframework.web.multipart.MultipartFile[],javax.servlet.http.HttpServletRequest,javax.servlet.http.HttpServletResponse) throws java.lang.Exception
2019-04-04 17:35:37 | [34mINFO [0;39m | [1;33mrestartedMain[0;39m | [1;32morg.springframework.web.servlet.mvc.method.annotation.RequestMappingHandlerMapping[0;39m | Mapped "{[/upload/file]}" onto public org.springframework.web.servlet.ModelAndView com.demo.controller.UploadController.listfile(org.springframework.web.servlet.ModelAndView)
2019-04-04 17:35:37 | [34mINFO [0;39m | [1;33mrestartedMain[0;39m | [1;32morg.springframework.web.servlet.mvc.method.annotation.RequestMappingHandlerMapping[0;39m | Mapped "{[/upload/download]}" onto public void com.demo.controller.UploadController.download(com.demo.domain.Upload,javax.servlet.http.HttpServletRequest,javax.servlet.http.HttpServletResponse) throws java.io.IOException
2019-04-04 17:35:37 | [34mINFO [0;39m | [1;33mrestartedMain[0;39m | [1;32morg.springframework.web.servlet.mvc.method.annotation.RequestMappingHandlerMapping[0;39m | Mapped "{[/error]}" onto public org.springframework.http.ResponseEntity<java.util.Map<java.lang.String, java.lang.Object>> org.springframework.boot.autoconfigure.web.servlet.error.BasicErrorController.error(javax.servlet.http.HttpServletRequest)
2019-04-04 17:35:37 | [34mINFO [0;39m | [1;33mrestartedMain[0;39m | [1;32morg.springframework.web.servlet.mvc.method.annotation.RequestMappingHandlerMapping[0;39m | Mapped "{[/error],produces=[text/html]}" onto public org.springframework.web.servlet.ModelAndView org.springframework.boot.autoconfigure.web.servlet.error.BasicErrorController.errorHtml(javax.servlet.http.HttpServletRequest,javax.servlet.http.HttpServletResponse)
2019-04-04 17:35:37 | [34mINFO [0;39m | [1;33mrestartedMain[0;39m | [1;32morg.springframework.web.servlet.handler.SimpleUrlHandlerMapping[0;39m | Mapped URL path [/webjars/**] onto handler of type [class org.springframework.web.servlet.resource.ResourceHttpRequestHandler]
2019-04-04 17:35:37 | [34mINFO [0;39m | [1;33mrestartedMain[0;39m | [1;32morg.springframework.web.servlet.handler.SimpleUrlHandlerMapping[0;39m | Mapped URL path [/**] onto handler of type [class org.springframework.web.servlet.resource.ResourceHttpRequestHandler]
2019-04-04 17:35:37 | [34mINFO [0;39m | [1;33mrestartedMain[0;39m | [1;32morg.springframework.boot.devtools.autoconfigure.OptionalLiveReloadServer[0;39m | LiveReload server is running on port 35729
2019-04-04 17:35:37 | [34mINFO [0;39m | [1;33mrestartedMain[0;39m | [1;32morg.springframework.jmx.export.annotation.AnnotationMBeanExporter[0;39m | Registering beans for JMX exposure on startup
2019-04-04 17:35:37 | [34mINFO [0;39m | [1;33mrestartedMain[0;39m | [1;32morg.springframework.jmx.export.annotation.AnnotationMBeanExporter[0;39m | Bean with name 'dataSource' has been autodetected for JMX exposure
2019-04-04 17:35:37 | [34mINFO [0;39m | [1;33mrestartedMain[0;39m | [1;32morg.springframework.jmx.export.annotation.AnnotationMBeanExporter[0;39m | Located MBean 'dataSource': registering with JMX server as MBean [com.zaxxer.hikari:name=dataSource,type=HikariDataSource]
2019-04-04 17:35:37 | [34mINFO [0;39m | [1;33mrestartedMain[0;39m | [1;32morg.apache.coyote.http11.Http11NioProtocol[0;39m | Starting ProtocolHandler ["http-nio-8080"]
2019-04-04 17:35:37 | [34mINFO [0;39m | [1;33mrestartedMain[0;39m | [1;32morg.apache.tomcat.util.net.NioSelectorPool[0;39m | Using a shared selector for servlet write/read
2019-04-04 17:35:37 | [34mINFO [0;39m | [1;33mrestartedMain[0;39m | [1;32morg.springframework.boot.web.embedded.tomcat.TomcatWebServer[0;39m | Tomcat started on port(s): 8080 (http) with context path ''
2019-04-04 17:35:37 | [34mINFO [0;39m | [1;33mrestartedMain[0;39m | [1;32mcom.demo.Application[0;39m | Started Application in 2.857 seconds (JVM running for 3.21)
2019-04-04 19:39:46 | [34mINFO [0;39m | [1;33mrestartedMain[0;39m | [1;32mcom.demo.Application[0;39m | Starting Application on DESKTOP-ND54UKQ with PID 11644 (G:\Ideacode\SmartCommunity\Demo_01\target\classes started by admin1902 in G:\Ideacode\SmartCommunity\Demo_01)
2019-04-04 19:39:46 | [34mINFO [0;39m | [1;33mrestartedMain[0;39m | [1;32mcom.demo.Application[0;39m | No active profile set, falling back to default profiles: default
2019-04-04 19:39:46 | [34mINFO [0;39m | [1;33mrestartedMain[0;39m | [1;32morg.springframework.boot.web.servlet.context.AnnotationConfigServletWebServerApplicationContext[0;39m | Refreshing org.springframework.boot.web.servlet.context.AnnotationConfigServletWebServerApplicationContext@24a49e28: startup date [Thu Apr 04 19:39:46 CST 2019]; root of context hierarchy
2019-04-04 19:39:46 | [31mWARN [0;39m | [1;33mrestartedMain[0;39m | [1;32morg.mybatis.spring.mapper.ClassPathMapperScanner[0;39m | No MyBatis mapper was found in '[com.demo.mapper,com.demo.base]' package. Please check your configuration.
2019-04-04 19:39:47 | [34mINFO [0;39m | [1;33mrestartedMain[0;39m | [1;32morg.springframework.boot.web.embedded.tomcat.TomcatWebServer[0;39m | Tomcat initialized with port(s): 8080 (http)
2019-04-04 19:39:47 | [34mINFO [0;39m | [1;33mrestartedMain[0;39m | [1;32morg.apache.coyote.http11.Http11NioProtocol[0;39m | Initializing ProtocolHandler ["http-nio-8080"]
2019-04-04 19:39:47 | [34mINFO [0;39m | [1;33mrestartedMain[0;39m | [1;32morg.apache.catalina.core.StandardService[0;39m | Starting service [Tomcat]
2019-04-04 19:39:47 | [34mINFO [0;39m | [1;33mrestartedMain[0;39m | [1;32morg.apache.catalina.core.StandardEngine[0;39m | Starting Servlet Engine: Apache Tomcat/8.5.34
2019-04-04 19:39:47 | [34mINFO [0;39m | [1;33mlocalhost-startStop-1[0;39m | [1;32morg.apache.catalina.core.AprLifecycleListener[0;39m | The APR based Apache Tomcat Native library which allows optimal performance in production environments was not found on the java.library.path: [C:\Program Files\Java\jdk1.8.0_131\jre\bin;C:\Windows\Sun\Java\bin;C:\Windows\system32;C:\Windows;C:\ProgramData\Oracle\Java\javapath;C:\Windows\system32;C:\Windows;C:\Windows\System32\Wbem;C:\Windows\System32\WindowsPowerShell\v1.0\;C:\Windows\System32\OpenSSH\;"C:\Program Files\Java\jdk1.8.0_131\bin;C:\Program Files\Java\jdk1.8.0_131\jre\bin;";C:\Program Files\TortoiseSVN\bin;F:\mysql-5.7.25-winx64\bin;C:\Program Files\Git\cmd;G:\apache-maven-3.3.9\bin;G:\mysql\mysql-5.7.25-winx64\bin;C:\Users\admin1902\AppData\Local\Microsoft\WindowsApps;;E:\IntelliJ IDEA 2018.3\bin;;.]
2019-04-04 19:39:47 | [34mINFO [0;39m | [1;33mlocalhost-startStop-1[0;39m | [1;32morg.apache.jasper.servlet.TldScanner[0;39m | At least one JAR was scanned for TLDs yet contained no TLDs. Enable debug logging for this logger for a complete list of JARs that were scanned but no TLDs were found in them. Skipping unneeded JARs during scanning can improve startup time and JSP compilation time.
2019-04-04 19:39:47 | [34mINFO [0;39m | [1;33mlocalhost-startStop-1[0;39m | [1;32morg.apache.catalina.core.ContainerBase.[Tomcat].[localhost].[/][0;39m | Initializing Spring embedded WebApplicationContext
2019-04-04 19:39:47 | [34mINFO [0;39m | [1;33mlocalhost-startStop-1[0;39m | [1;32morg.springframework.web.context.ContextLoader[0;39m | Root WebApplicationContext: initialization completed in 1561 ms
2019-04-04 19:39:47 | [34mINFO [0;39m | [1;33mlocalhost-startStop-1[0;39m | [1;32morg.springframework.boot.web.servlet.ServletRegistrationBean[0;39m | Servlet dispatcherServlet mapped to [/]
2019-04-04 19:39:47 | [34mINFO [0;39m | [1;33mlocalhost-startStop-1[0;39m | [1;32morg.springframework.boot.web.servlet.FilterRegistrationBean[0;39m | Mapping filter: 'characterEncodingFilter' to: [/*]
2019-04-04 19:39:47 | [34mINFO [0;39m | [1;33mlocalhost-startStop-1[0;39m | [1;32morg.springframework.boot.web.servlet.FilterRegistrationBean[0;39m | Mapping filter: 'hiddenHttpMethodFilter' to: [/*]
2019-04-04 19:39:47 | [34mINFO [0;39m | [1;33mlocalhost-startStop-1[0;39m | [1;32morg.springframework.boot.web.servlet.FilterRegistrationBean[0;39m | Mapping filter: 'httpPutFormContentFilter' to: [/*]
2019-04-04 19:39:47 | [34mINFO [0;39m | [1;33mlocalhost-startStop-1[0;39m | [1;32morg.springframework.boot.web.servlet.FilterRegistrationBean[0;39m | Mapping filter: 'requestContextFilter' to: [/*]
2019-04-04 19:39:48 | [34mINFO [0;39m | [1;33mrestartedMain[0;39m | [1;32morg.springframework.web.servlet.handler.SimpleUrlHandlerMapping[0;39m | Mapped URL path [/**/favicon.ico] onto handler of type [class org.springframework.web.servlet.resource.ResourceHttpRequestHandler]
2019-04-04 19:39:49 | [34mINFO [0;39m | [1;33mrestartedMain[0;39m | [1;32morg.springframework.web.servlet.mvc.method.annotation.RequestMappingHandlerAdapter[0;39m | Looking for @ControllerAdvice: org.springframework.boot.web.servlet.context.AnnotationConfigServletWebServerApplicationContext@24a49e28: startup date [Thu Apr 04 19:39:46 CST 2019]; root of context hierarchy
2019-04-04 19:39:49 | [34mINFO [0;39m | [1;33mrestartedMain[0;39m | [1;32morg.springframework.web.servlet.mvc.method.annotation.RequestMappingHandlerMapping[0;39m | Mapped "{[/department/{id}],methods=[GET]}" onto public com.demo.domain.Department com.demo.controller.DepartmentController.get(java.lang.Long)
2019-04-04 19:39:49 | [34mINFO [0;39m | [1;33mrestartedMain[0;39m | [1;32morg.springframework.web.servlet.mvc.method.annotation.RequestMappingHandlerMapping[0;39m | Mapped "{[/department/{id}],methods=[DELETE]}" onto public com.demo.utils.AjaxResult com.demo.controller.DepartmentController.delete(java.lang.Long)
2019-04-04 19:39:49 | [34mINFO [0;39m | [1;33mrestartedMain[0;39m | [1;32morg.springframework.web.servlet.mvc.method.annotation.RequestMappingHandlerMapping[0;39m | Mapped "{[/department/list],methods=[GET]}" onto public java.util.List<com.demo.domain.Department> com.demo.controller.DepartmentController.list()
2019-04-04 19:39:49 | [34mINFO [0;39m | [1;33mrestartedMain[0;39m | [1;32morg.springframework.web.servlet.mvc.method.annotation.RequestMappingHandlerMapping[0;39m | Mapped "{[/department/save],methods=[POST]}" onto public com.demo.utils.AjaxResult com.demo.controller.DepartmentController.save(com.demo.domain.Department)
2019-04-04 19:39:49 | [34mINFO [0;39m | [1;33mrestartedMain[0;39m | [1;32morg.springframework.web.servlet.mvc.method.annotation.RequestMappingHandlerMapping[0;39m | Mapped "{[/department/pagelist]}" onto public com.demo.utils.PageList<com.demo.domain.Department> com.demo.controller.DepartmentController.pagelist(com.demo.query.DepartmentQuery)
2019-04-04 19:39:49 | [34mINFO [0;39m | [1;33mrestartedMain[0;39m | [1;32morg.springframework.web.servlet.mvc.method.annotation.RequestMappingHandlerMapping[0;39m | Mapped "{[/eventhandle/{id}],methods=[GET]}" onto public com.demo.domain.Eventhandle com.demo.controller.EventhandleController.get(java.lang.Long)
2019-04-04 19:39:49 | [34mINFO [0;39m | [1;33mrestartedMain[0;39m | [1;32morg.springframework.web.servlet.mvc.method.annotation.RequestMappingHandlerMapping[0;39m | Mapped "{[/eventhandle/{id}],methods=[DELETE]}" onto public com.demo.utils.AjaxResult com.demo.controller.EventhandleController.delete(java.lang.Long)
2019-04-04 19:39:49 | [34mINFO [0;39m | [1;33mrestartedMain[0;39m | [1;32morg.springframework.web.servlet.mvc.method.annotation.RequestMappingHandlerMapping[0;39m | Mapped "{[/eventhandle/list],methods=[GET]}" onto public java.util.List<com.demo.domain.Eventhandle> com.demo.controller.EventhandleController.list()
2019-04-04 19:39:49 | [34mINFO [0;39m | [1;33mrestartedMain[0;39m | [1;32morg.springframework.web.servlet.mvc.method.annotation.RequestMappingHandlerMapping[0;39m | Mapped "{[/eventhandle/save],methods=[POST]}" onto public com.demo.utils.AjaxResult com.demo.controller.EventhandleController.saveOrUpdate(com.demo.domain.Eventhandle)
2019-04-04 19:39:49 | [34mINFO [0;39m | [1;33mrestartedMain[0;39m | [1;32morg.springframework.web.servlet.mvc.method.annotation.RequestMappingHandlerMapping[0;39m | Mapped "{[/eventhandle/pagelist]}" onto public com.demo.utils.PageList<com.demo.domain.Eventhandle> com.demo.controller.EventhandleController.pagelist(com.demo.query.EventhandleQuery)
2019-04-04 19:39:49 | [34mINFO [0;39m | [1;33mrestartedMain[0;39m | [1;32morg.springframework.web.servlet.mvc.method.annotation.RequestMappingHandlerMapping[0;39m | Mapped "{[/eventnotice/{id}],methods=[GET]}" onto public com.demo.domain.Eventnotice com.demo.controller.EventnoticeController.get(java.lang.Long)
2019-04-04 19:39:49 | [34mINFO [0;39m | [1;33mrestartedMain[0;39m | [1;32morg.springframework.web.servlet.mvc.method.annotation.RequestMappingHandlerMapping[0;39m | Mapped "{[/eventnotice/{id}],methods=[DELETE]}" onto public com.demo.utils.AjaxResult com.demo.controller.EventnoticeController.delete(java.lang.Long)
2019-04-04 19:39:49 | [34mINFO [0;39m | [1;33mrestartedMain[0;39m | [1;32morg.springframework.web.servlet.mvc.method.annotation.RequestMappingHandlerMapping[0;39m | Mapped "{[/eventnotice/list],methods=[GET]}" onto public java.util.List<com.demo.domain.Eventnotice> com.demo.controller.EventnoticeController.list()
2019-04-04 19:39:49 | [34mINFO [0;39m | [1;33mrestartedMain[0;39m | [1;32morg.springframework.web.servlet.mvc.method.annotation.RequestMappingHandlerMapping[0;39m | Mapped "{[/eventnotice/save],methods=[POST]}" onto public com.demo.utils.AjaxResult com.demo.controller.EventnoticeController.saveOrUpdate(com.demo.domain.Eventnotice)
2019-04-04 19:39:49 | [34mINFO [0;39m | [1;33mrestartedMain[0;39m | [1;32morg.springframework.web.servlet.mvc.method.annotation.RequestMappingHandlerMapping[0;39m | Mapped "{[/eventnotice/pagelist]}" onto public com.demo.utils.PageList<com.demo.domain.Eventnotice> com.demo.controller.EventnoticeController.pagelist(com.demo.query.EventnoticeQuery)
2019-04-04 19:39:49 | [34mINFO [0;39m | [1;33mrestartedMain[0;39m | [1;32morg.springframework.web.servlet.mvc.method.annotation.RequestMappingHandlerMapping[0;39m | Mapped "{[/location/{id}],methods=[GET]}" onto public com.demo.domain.Location com.demo.controller.LocationController.get(java.lang.Long)
2019-04-04 19:39:49 | [34mINFO [0;39m | [1;33mrestartedMain[0;39m | [1;32morg.springframework.web.servlet.mvc.method.annotation.RequestMappingHandlerMapping[0;39m | Mapped "{[/location/{id}],methods=[DELETE]}" onto public com.demo.utils.AjaxResult com.demo.controller.LocationController.delete(java.lang.Long)
2019-04-04 19:39:49 | [34mINFO [0;39m | [1;33mrestartedMain[0;39m | [1;32morg.springframework.web.servlet.mvc.method.annotation.RequestMappingHandlerMapping[0;39m | Mapped "{[/location/list],methods=[GET]}" onto public java.util.List<com.demo.domain.Location> com.demo.controller.LocationController.list()
2019-04-04 19:39:49 | [34mINFO [0;39m | [1;33mrestartedMain[0;39m | [1;32morg.springframework.web.servlet.mvc.method.annotation.RequestMappingHandlerMapping[0;39m | Mapped "{[/location/save],methods=[POST]}" onto public com.demo.utils.AjaxResult com.demo.controller.LocationController.saveOrUpdate(com.demo.domain.Location)
2019-04-04 19:39:49 | [34mINFO [0;39m | [1;33mrestartedMain[0;39m | [1;32morg.springframework.web.servlet.mvc.method.annotation.RequestMappingHandlerMapping[0;39m | Mapped "{[/location/pagelist]}" onto public com.demo.utils.PageList<com.demo.domain.Location> com.demo.controller.LocationController.pagelist(com.demo.query.LocationQuery)
2019-04-04 19:39:49 | [34mINFO [0;39m | [1;33mrestartedMain[0;39m | [1;32morg.springframework.web.servlet.mvc.method.annotation.RequestMappingHandlerMapping[0;39m | Mapped "{[/demo/phone],methods=[POST]}" onto public com.demo.utils.AjaxResult com.demo.controller.LoginController.phoneNum(java.lang.String)
2019-04-04 19:39:49 | [34mINFO [0;39m | [1;33mrestartedMain[0;39m | [1;32morg.springframework.web.servlet.mvc.method.annotation.RequestMappingHandlerMapping[0;39m | Mapped "{[/demo/login],methods=[POST]}" onto public com.demo.utils.AjaxResult com.demo.controller.LoginController.login(com.demo.domain.User)
2019-04-04 19:39:49 | [34mINFO [0;39m | [1;33mrestartedMain[0;39m | [1;32morg.springframework.web.servlet.mvc.method.annotation.RequestMappingHandlerMapping[0;39m | Mapped "{[/demo/Num],methods=[GET]}" onto public java.lang.String com.demo.controller.LoginController.phone(java.lang.String)
2019-04-04 19:39:49 | [34mINFO [0;39m | [1;33mrestartedMain[0;39m | [1;32morg.springframework.web.servlet.mvc.method.annotation.RequestMappingHandlerMapping[0;39m | Mapped "{[/managetype/{id}],methods=[GET]}" onto public com.demo.domain.Managetype com.demo.controller.ManagetypeController.get(java.lang.Long)
2019-04-04 19:39:49 | [34mINFO [0;39m | [1;33mrestartedMain[0;39m | [1;32morg.springframework.web.servlet.mvc.method.annotation.RequestMappingHandlerMapping[0;39m | Mapped "{[/managetype/{id}],methods=[DELETE]}" onto public com.demo.utils.AjaxResult com.demo.controller.ManagetypeController.delete(java.lang.Long)
2019-04-04 19:39:49 | [34mINFO [0;39m | [1;33mrestartedMain[0;39m | [1;32morg.springframework.web.servlet.mvc.method.annotation.RequestMappingHandlerMapping[0;39m | Mapped "{[/managetype/list],methods=[GET]}" onto public java.util.List<com.demo.domain.Managetype> com.demo.controller.ManagetypeController.list()
2019-04-04 19:39:49 | [34mINFO [0;39m | [1;33mrestartedMain[0;39m | [1;32morg.springframework.web.servlet.mvc.method.annotation.RequestMappingHandlerMapping[0;39m | Mapped "{[/managetype/save],methods=[POST]}" onto public com.demo.utils.AjaxResult com.demo.controller.ManagetypeController.saveOrUpdate(com.demo.domain.Managetype)
2019-04-04 19:39:49 | [34mINFO [0;39m | [1;33mrestartedMain[0;39m | [1;32morg.springframework.web.servlet.mvc.method.annotation.RequestMappingHandlerMapping[0;39m | Mapped "{[/managetype/pagelist]}" onto public com.demo.utils.PageList<com.demo.domain.Managetype> com.demo.controller.ManagetypeController.pagelist(com.demo.query.ManagetypeQuery)
2019-04-04 19:39:49 | [34mINFO [0;39m | [1;33mrestartedMain[0;39m | [1;32morg.springframework.web.servlet.mvc.method.annotation.RequestMappingHandlerMapping[0;39m | Mapped "{[/role/{id}],methods=[GET]}" onto public com.demo.domain.Role com.demo.controller.RoleController.get(java.lang.Long)
2019-04-04 19:39:49 | [34mINFO [0;39m | [1;33mrestartedMain[0;39m | [1;32morg.springframework.web.servlet.mvc.method.annotation.RequestMappingHandlerMapping[0;39m | Mapped "{[/role/{id}],methods=[DELETE]}" onto public com.demo.utils.AjaxResult com.demo.controller.RoleController.delete(java.lang.Long)
2019-04-04 19:39:49 | [34mINFO [0;39m | [1;33mrestartedMain[0;39m | [1;32morg.springframework.web.servlet.mvc.method.annotation.RequestMappingHandlerMapping[0;39m | Mapped "{[/role/list],methods=[GET]}" onto public java.util.List<com.demo.domain.Role> com.demo.controller.RoleController.list()
2019-04-04 19:39:49 | [34mINFO [0;39m | [1;33mrestartedMain[0;39m | [1;32morg.springframework.web.servlet.mvc.method.annotation.RequestMappingHandlerMapping[0;39m | Mapped "{[/role/save],methods=[POST]}" onto public com.demo.utils.AjaxResult com.demo.controller.RoleController.saveOrUpdate(com.demo.domain.Role)
2019-04-04 19:39:49 | [34mINFO [0;39m | [1;33mrestartedMain[0;39m | [1;32morg.springframework.web.servlet.mvc.method.annotation.RequestMappingHandlerMapping[0;39m | Mapped "{[/role/pagelist]}" onto public com.demo.utils.PageList<com.demo.domain.Role> com.demo.controller.RoleController.pagelist(com.demo.query.RoleQuery)
2019-04-04 19:39:49 | [34mINFO [0;39m | [1;33mrestartedMain[0;39m | [1;32morg.springframework.web.servlet.mvc.method.annotation.RequestMappingHandlerMapping[0;39m | Mapped "{[/upload/file]}" onto public org.springframework.web.servlet.ModelAndView com.demo.controller.UploadController.listfile(org.springframework.web.servlet.ModelAndView)
2019-04-04 19:39:49 | [34mINFO [0;39m | [1;33mrestartedMain[0;39m | [1;32morg.springframework.web.servlet.mvc.method.annotation.RequestMappingHandlerMapping[0;39m | Mapped "{[/upload/go]}" onto public java.lang.String com.demo.controller.UploadController.go()
2019-04-04 19:39:49 | [34mINFO [0;39m | [1;33mrestartedMain[0;39m | [1;32morg.springframework.web.servlet.mvc.method.annotation.RequestMappingHandlerMapping[0;39m | Mapped "{[/upload/up]}" onto public com.demo.utils.AjaxResult com.demo.controller.UploadController.upload(org.springframework.web.multipart.MultipartFile[],javax.servlet.http.HttpServletRequest,javax.servlet.http.HttpServletResponse) throws java.lang.Exception
2019-04-04 19:39:49 | [34mINFO [0;39m | [1;33mrestartedMain[0;39m | [1;32morg.springframework.web.servlet.mvc.method.annotation.RequestMappingHandlerMapping[0;39m | Mapped "{[/upload/download]}" onto public void com.demo.controller.UploadController.download(com.demo.domain.Upload,javax.servlet.http.HttpServletRequest,javax.servlet.http.HttpServletResponse) throws java.io.IOException
2019-04-04 19:39:49 | [34mINFO [0;39m | [1;33mrestartedMain[0;39m | [1;32morg.springframework.web.servlet.mvc.method.annotation.RequestMappingHandlerMapping[0;39m | Mapped "{[/error]}" onto public org.springframework.http.ResponseEntity<java.util.Map<java.lang.String, java.lang.Object>> org.springframework.boot.autoconfigure.web.servlet.error.BasicErrorController.error(javax.servlet.http.HttpServletRequest)
2019-04-04 19:39:49 | [34mINFO [0;39m | [1;33mrestartedMain[0;39m | [1;32morg.springframework.web.servlet.mvc.method.annotation.RequestMappingHandlerMapping[0;39m | Mapped "{[/error],produces=[text/html]}" onto public org.springframework.web.servlet.ModelAndView org.springframework.boot.autoconfigure.web.servlet.error.BasicErrorController.errorHtml(javax.servlet.http.HttpServletRequest,javax.servlet.http.HttpServletResponse)
2019-04-04 19:39:49 | [34mINFO [0;39m | [1;33mrestartedMain[0;39m | [1;32morg.springframework.web.servlet.handler.SimpleUrlHandlerMapping[0;39m | Mapped URL path [/webjars/**] onto handler of type [class org.springframework.web.servlet.resource.ResourceHttpRequestHandler]
2019-04-04 19:39:49 | [34mINFO [0;39m | [1;33mrestartedMain[0;39m | [1;32morg.springframework.web.servlet.handler.SimpleUrlHandlerMapping[0;39m | Mapped URL path [/**] onto handler of type [class org.springframework.web.servlet.resource.ResourceHttpRequestHandler]
2019-04-04 19:39:49 | [34mINFO [0;39m | [1;33mrestartedMain[0;39m | [1;32morg.springframework.boot.devtools.autoconfigure.OptionalLiveReloadServer[0;39m | LiveReload server is running on port 35729
2019-04-04 19:39:49 | [34mINFO [0;39m | [1;33mrestartedMain[0;39m | [1;32morg.springframework.jmx.export.annotation.AnnotationMBeanExporter[0;39m | Registering beans for JMX exposure on startup
2019-04-04 19:39:49 | [34mINFO [0;39m | [1;33mrestartedMain[0;39m | [1;32morg.springframework.jmx.export.annotation.AnnotationMBeanExporter[0;39m | Bean with name 'dataSource' has been autodetected for JMX exposure
2019-04-04 19:39:49 | [34mINFO [0;39m | [1;33mrestartedMain[0;39m | [1;32morg.springframework.jmx.export.annotation.AnnotationMBeanExporter[0;39m | Located MBean 'dataSource': registering with JMX server as MBean [com.zaxxer.hikari:name=dataSource,type=HikariDataSource]
2019-04-04 19:39:49 | [34mINFO [0;39m | [1;33mrestartedMain[0;39m | [1;32morg.apache.coyote.http11.Http11NioProtocol[0;39m | Starting ProtocolHandler ["http-nio-8080"]
2019-04-04 19:39:49 | [34mINFO [0;39m | [1;33mrestartedMain[0;39m | [1;32morg.apache.tomcat.util.net.NioSelectorPool[0;39m | Using a shared selector for servlet write/read
2019-04-04 19:39:49 | [34mINFO [0;39m | [1;33mrestartedMain[0;39m | [1;32morg.springframework.boot.web.embedded.tomcat.TomcatWebServer[0;39m | Tomcat started on port(s): 8080 (http) with context path ''
2019-04-04 19:39:49 | [34mINFO [0;39m | [1;33mrestartedMain[0;39m | [1;32mcom.demo.Application[0;39m | Started Application in 4.028 seconds (JVM running for 4.5)
2019-04-04 19:41:47 | [34mINFO [0;39m | [1;33mrestartedMain[0;39m | [1;32mcom.demo.Application[0;39m | Starting Application on DESKTOP-ND54UKQ with PID 6396 (G:\Ideacode\SmartCommunity\Demo_01\target\classes started by admin1902 in G:\Ideacode\SmartCommunity\Demo_01)
2019-04-04 19:41:47 | [34mINFO [0;39m | [1;33mrestartedMain[0;39m | [1;32mcom.demo.Application[0;39m | No active profile set, falling back to default profiles: default
2019-04-04 19:41:47 | [34mINFO [0;39m | [1;33mrestartedMain[0;39m | [1;32morg.springframework.boot.web.servlet.context.AnnotationConfigServletWebServerApplicationContext[0;39m | Refreshing org.springframework.boot.web.servlet.context.AnnotationConfigServletWebServerApplicationContext@1d74c43c: startup date [Thu Apr 04 19:41:47 CST 2019]; root of context hierarchy
2019-04-04 19:41:49 | [34mINFO [0;39m | [1;33mrestartedMain[0;39m | [1;32morg.springframework.boot.web.embedded.tomcat.TomcatWebServer[0;39m | Tomcat initialized with port(s): 8080 (http)
2019-04-04 19:41:49 | [34mINFO [0;39m | [1;33mrestartedMain[0;39m | [1;32morg.apache.coyote.http11.Http11NioProtocol[0;39m | Initializing ProtocolHandler ["http-nio-8080"]
2019-04-04 19:41:49 | [34mINFO [0;39m | [1;33mrestartedMain[0;39m | [1;32morg.apache.catalina.core.StandardService[0;39m | Starting service [Tomcat]
2019-04-04 19:41:49 | [34mINFO [0;39m | [1;33mrestartedMain[0;39m | [1;32morg.apache.catalina.core.StandardEngine[0;39m | Starting Servlet Engine: Apache Tomcat/8.5.34
2019-04-04 19:41:49 | [34mINFO [0;39m | [1;33mlocalhost-startStop-1[0;39m | [1;32morg.apache.catalina.core.AprLifecycleListener[0;39m | The APR based Apache Tomcat Native library which allows optimal performance in production environments was not found on the java.library.path: [C:\Program Files\Java\jdk1.8.0_131\jre\bin;C:\Windows\Sun\Java\bin;C:\Windows\system32;C:\Windows;C:\ProgramData\Oracle\Java\javapath;C:\Windows\system32;C:\Windows;C:\Windows\System32\Wbem;C:\Windows\System32\WindowsPowerShell\v1.0\;C:\Windows\System32\OpenSSH\;"C:\Program Files\Java\jdk1.8.0_131\bin;C:\Program Files\Java\jdk1.8.0_131\jre\bin;";C:\Program Files\TortoiseSVN\bin;F:\mysql-5.7.25-winx64\bin;C:\Program Files\Git\cmd;G:\apache-maven-3.3.9\bin;G:\mysql\mysql-5.7.25-winx64\bin;C:\Users\admin1902\AppData\Local\Microsoft\WindowsApps;;E:\IntelliJ IDEA 2018.3\bin;;.]
2019-04-04 19:41:49 | [34mINFO [0;39m | [1;33mlocalhost-startStop-1[0;39m | [1;32morg.apache.jasper.servlet.TldScanner[0;39m | At least one JAR was scanned for TLDs yet contained no TLDs. Enable debug logging for this logger for a complete list of JARs that were scanned but no TLDs were found in them. Skipping unneeded JARs during scanning can improve startup time and JSP compilation time.
2019-04-04 19:41:49 | [34mINFO [0;39m | [1;33mlocalhost-startStop-1[0;39m | [1;32morg.apache.catalina.core.ContainerBase.[Tomcat].[localhost].[/][0;39m | Initializing Spring embedded WebApplicationContext
2019-04-04 19:41:49 | [34mINFO [0;39m | [1;33mlocalhost-startStop-1[0;39m | [1;32morg.springframework.web.context.ContextLoader[0;39m | Root WebApplicationContext: initialization completed in 1641 ms
2019-04-04 19:41:49 | [34mINFO [0;39m | [1;33mlocalhost-startStop-1[0;39m | [1;32morg.springframework.boot.web.servlet.ServletRegistrationBean[0;39m | Servlet dispatcherServlet mapped to [/]
2019-04-04 19:41:49 | [34mINFO [0;39m | [1;33mlocalhost-startStop-1[0;39m | [1;32morg.springframework.boot.web.servlet.FilterRegistrationBean[0;39m | Mapping filter: 'characterEncodingFilter' to: [/*]
2019-04-04 19:41:49 | [34mINFO [0;39m | [1;33mlocalhost-startStop-1[0;39m | [1;32morg.springframework.boot.web.servlet.FilterRegistrationBean[0;39m | Mapping filter: 'hiddenHttpMethodFilter' to: [/*]
2019-04-04 19:41:49 | [34mINFO [0;39m | [1;33mlocalhost-startStop-1[0;39m | [1;32morg.springframework.boot.web.servlet.FilterRegistrationBean[0;39m | Mapping filter: 'httpPutFormContentFilter' to: [/*]
2019-04-04 19:41:49 | [34mINFO [0;39m | [1;33mlocalhost-startStop-1[0;39m | [1;32morg.springframework.boot.web.servlet.FilterRegistrationBean[0;39m | Mapping filter: 'requestContextFilter' to: [/*]
2019-04-04 19:41:49 | [34mINFO [0;39m | [1;33mrestartedMain[0;39m | [1;32morg.springframework.web.servlet.handler.SimpleUrlHandlerMapping[0;39m | Mapped URL path [/**/favicon.ico] onto handler of type [class org.springframework.web.servlet.resource.ResourceHttpRequestHandler]
2019-04-04 19:41:49 | [34mINFO [0;39m | [1;33mrestartedMain[0;39m | [1;32morg.springframework.web.servlet.mvc.method.annotation.RequestMappingHandlerAdapter[0;39m | Looking for @ControllerAdvice: org.springframework.boot.web.servlet.context.AnnotationConfigServletWebServerApplicationContext@1d74c43c: startup date [Thu Apr 04 19:41:47 CST 2019]; root of context hierarchy
2019-04-04 19:41:50 | [34mINFO [0;39m | [1;33mrestartedMain[0;39m | [1;32morg.springframework.web.servlet.mvc.method.annotation.RequestMappingHandlerMapping[0;39m | Mapped "{[/department/{id}],methods=[GET]}" onto public com.demo.domain.Department com.demo.controller.DepartmentController.get(java.lang.Long)
2019-04-04 19:41:50 | [34mINFO [0;39m | [1;33mrestartedMain[0;39m | [1;32morg.springframework.web.servlet.mvc.method.annotation.RequestMappingHandlerMapping[0;39m | Mapped "{[/department/{id}],methods=[DELETE]}" onto public com.demo.utils.AjaxResult com.demo.controller.DepartmentController.delete(java.lang.Long)
2019-04-04 19:41:50 | [34mINFO [0;39m | [1;33mrestartedMain[0;39m | [1;32morg.springframework.web.servlet.mvc.method.annotation.RequestMappingHandlerMapping[0;39m | Mapped "{[/department/list],methods=[GET]}" onto public java.util.List<com.demo.domain.Department> com.demo.controller.DepartmentController.list()
2019-04-04 19:41:50 | [34mINFO [0;39m | [1;33mrestartedMain[0;39m | [1;32morg.springframework.web.servlet.mvc.method.annotation.RequestMappingHandlerMapping[0;39m | Mapped "{[/department/save],methods=[POST]}" onto public com.demo.utils.AjaxResult com.demo.controller.DepartmentController.save(com.demo.domain.Department)
2019-04-04 19:41:50 | [34mINFO [0;39m | [1;33mrestartedMain[0;39m | [1;32morg.springframework.web.servlet.mvc.method.annotation.RequestMappingHandlerMapping[0;39m | Mapped "{[/department/pagelist]}" onto public com.demo.utils.PageList<com.demo.domain.Department> com.demo.controller.DepartmentController.pagelist(com.demo.query.DepartmentQuery)
2019-04-04 19:41:50 | [34mINFO [0;39m | [1;33mrestartedMain[0;39m | [1;32morg.springframework.web.servlet.mvc.method.annotation.RequestMappingHandlerMapping[0;39m | Mapped "{[/eventhandle/{id}],methods=[GET]}" onto public com.demo.domain.Eventhandle com.demo.controller.EventhandleController.get(java.lang.Long)
2019-04-04 19:41:50 | [34mINFO [0;39m | [1;33mrestartedMain[0;39m | [1;32morg.springframework.web.servlet.mvc.method.annotation.RequestMappingHandlerMapping[0;39m | Mapped "{[/eventhandle/{id}],methods=[DELETE]}" onto public com.demo.utils.AjaxResult com.demo.controller.EventhandleController.delete(java.lang.Long)
2019-04-04 19:41:50 | [34mINFO [0;39m | [1;33mrestartedMain[0;39m | [1;32morg.springframework.web.servlet.mvc.method.annotation.RequestMappingHandlerMapping[0;39m | Mapped "{[/eventhandle/list],methods=[GET]}" onto public java.util.List<com.demo.domain.Eventhandle> com.demo.controller.EventhandleController.list()
2019-04-04 19:41:50 | [34mINFO [0;39m | [1;33mrestartedMain[0;39m | [1;32morg.springframework.web.servlet.mvc.method.annotation.RequestMappingHandlerMapping[0;39m | Mapped "{[/eventhandle/save],methods=[POST]}" onto public com.demo.utils.AjaxResult com.demo.controller.EventhandleController.saveOrUpdate(com.demo.domain.Eventhandle)
2019-04-04 19:41:50 | [34mINFO [0;39m | [1;33mrestartedMain[0;39m | [1;32morg.springframework.web.servlet.mvc.method.annotation.RequestMappingHandlerMapping[0;39m | Mapped "{[/eventhandle/pagelist]}" onto public com.demo.utils.PageList<com.demo.domain.Eventhandle> com.demo.controller.EventhandleController.pagelist(com.demo.query.EventhandleQuery)
2019-04-04 19:41:50 | [34mINFO [0;39m | [1;33mrestartedMain[0;39m | [1;32morg.springframework.web.servlet.mvc.method.annotation.RequestMappingHandlerMapping[0;39m | Mapped "{[/eventnotice/{id}],methods=[GET]}" onto public com.demo.domain.Eventnotice com.demo.controller.EventnoticeController.get(java.lang.Long)
2019-04-04 19:41:50 | [34mINFO [0;39m | [1;33mrestartedMain[0;39m | [1;32morg.springframework.web.servlet.mvc.method.annotation.RequestMappingHandlerMapping[0;39m | Mapped "{[/eventnotice/{id}],methods=[DELETE]}" onto public com.demo.utils.AjaxResult com.demo.controller.EventnoticeController.delete(java.lang.Long)
2019-04-04 19:41:50 | [34mINFO [0;39m | [1;33mrestartedMain[0;39m | [1;32morg.springframework.web.servlet.mvc.method.annotation.RequestMappingHandlerMapping[0;39m | Mapped "{[/eventnotice/list],methods=[GET]}" onto public java.util.List<com.demo.domain.Eventnotice> com.demo.controller.EventnoticeController.list()
2019-04-04 19:41:50 | [34mINFO [0;39m | [1;33mrestartedMain[0;39m | [1;32morg.springframework.web.servlet.mvc.method.annotation.RequestMappingHandlerMapping[0;39m | Mapped "{[/eventnotice/save],methods=[POST]}" onto public com.demo.utils.AjaxResult com.demo.controller.EventnoticeController.saveOrUpdate(com.demo.domain.Eventnotice)
2019-04-04 19:41:50 | [34mINFO [0;39m | [1;33mrestartedMain[0;39m | [1;32morg.springframework.web.servlet.mvc.method.annotation.RequestMappingHandlerMapping[0;39m | Mapped "{[/eventnotice/pagelist]}" onto public com.demo.utils.PageList<com.demo.domain.Eventnotice> com.demo.controller.EventnoticeController.pagelist(com.demo.query.EventnoticeQuery)
2019-04-04 19:41:50 | [34mINFO [0;39m | [1;33mrestartedMain[0;39m | [1;32morg.springframework.web.servlet.mvc.method.annotation.RequestMappingHandlerMapping[0;39m | Mapped "{[/location/{id}],methods=[GET]}" onto public com.demo.domain.Location com.demo.controller.LocationController.get(java.lang.Long)
2019-04-04 19:41:50 | [34mINFO [0;39m | [1;33mrestartedMain[0;39m | [1;32morg.springframework.web.servlet.mvc.method.annotation.RequestMappingHandlerMapping[0;39m | Mapped "{[/location/{id}],methods=[DELETE]}" onto public com.demo.utils.AjaxResult com.demo.controller.LocationController.delete(java.lang.Long)
2019-04-04 19:41:50 | [34mINFO [0;39m | [1;33mrestartedMain[0;39m | [1;32morg.springframework.web.servlet.mvc.method.annotation.RequestMappingHandlerMapping[0;39m | Mapped "{[/location/list],methods=[GET]}" onto public java.util.List<com.demo.domain.Location> com.demo.controller.LocationController.list()
2019-04-04 19:41:50 | [34mINFO [0;39m | [1;33mrestartedMain[0;39m | [1;32morg.springframework.web.servlet.mvc.method.annotation.RequestMappingHandlerMapping[0;39m | Mapped "{[/location/save],methods=[POST]}" onto public com.demo.utils.AjaxResult com.demo.controller.LocationController.saveOrUpdate(com.demo.domain.Location)
2019-04-04 19:41:50 | [34mINFO [0;39m | [1;33mrestartedMain[0;39m | [1;32morg.springframework.web.servlet.mvc.method.annotation.RequestMappingHandlerMapping[0;39m | Mapped "{[/location/pagelist]}" onto public com.demo.utils.PageList<com.demo.domain.Location> com.demo.controller.LocationController.pagelist(com.demo.query.LocationQuery)
2019-04-04 19:41:50 | [34mINFO [0;39m | [1;33mrestartedMain[0;39m | [1;32morg.springframework.web.servlet.mvc.method.annotation.RequestMappingHandlerMapping[0;39m | Mapped "{[/demo/phone],methods=[POST]}" onto public com.demo.utils.AjaxResult com.demo.controller.LoginController.phoneNum(java.lang.String)
2019-04-04 19:41:50 | [34mINFO [0;39m | [1;33mrestartedMain[0;39m | [1;32morg.springframework.web.servlet.mvc.method.annotation.RequestMappingHandlerMapping[0;39m | Mapped "{[/demo/login],methods=[POST]}" onto public com.demo.utils.AjaxResult com.demo.controller.LoginController.login(com.demo.domain.User)
2019-04-04 19:41:50 | [34mINFO [0;39m | [1;33mrestartedMain[0;39m | [1;32morg.springframework.web.servlet.mvc.method.annotation.RequestMappingHandlerMapping[0;39m | Mapped "{[/demo/Num],methods=[GET]}" onto public java.lang.String com.demo.controller.LoginController.phone(java.lang.String)
2019-04-04 19:41:50 | [34mINFO [0;39m | [1;33mrestartedMain[0;39m | [1;32morg.springframework.web.servlet.mvc.method.annotation.RequestMappingHandlerMapping[0;39m | Mapped "{[/managetype/{id}],methods=[GET]}" onto public com.demo.domain.Managetype com.demo.controller.ManagetypeController.get(java.lang.Long)
2019-04-04 19:41:50 | [34mINFO [0;39m | [1;33mrestartedMain[0;39m | [1;32morg.springframework.web.servlet.mvc.method.annotation.RequestMappingHandlerMapping[0;39m | Mapped "{[/managetype/{id}],methods=[DELETE]}" onto public com.demo.utils.AjaxResult com.demo.controller.ManagetypeController.delete(java.lang.Long)
2019-04-04 19:41:50 | [34mINFO [0;39m | [1;33mrestartedMain[0;39m | [1;32morg.springframework.web.servlet.mvc.method.annotation.RequestMappingHandlerMapping[0;39m | Mapped "{[/managetype/list],methods=[GET]}" onto public java.util.List<com.demo.domain.Managetype> com.demo.controller.ManagetypeController.list()
2019-04-04 19:41:50 | [34mINFO [0;39m | [1;33mrestartedMain[0;39m | [1;32morg.springframework.web.servlet.mvc.method.annotation.RequestMappingHandlerMapping[0;39m | Mapped "{[/managetype/save],methods=[POST]}" onto public com.demo.utils.AjaxResult com.demo.controller.ManagetypeController.saveOrUpdate(com.demo.domain.Managetype)
2019-04-04 19:41:50 | [34mINFO [0;39m | [1;33mrestartedMain[0;39m | [1;32morg.springframework.web.servlet.mvc.method.annotation.RequestMappingHandlerMapping[0;39m | Mapped "{[/managetype/pagelist]}" onto public com.demo.utils.PageList<com.demo.domain.Managetype> com.demo.controller.ManagetypeController.pagelist(com.demo.query.ManagetypeQuery)
2019-04-04 19:41:50 | [34mINFO [0;39m | [1;33mrestartedMain[0;39m | [1;32morg.springframework.web.servlet.mvc.method.annotation.RequestMappingHandlerMapping[0;39m | Mapped "{[/role/{id}],methods=[GET]}" onto public com.demo.domain.Role com.demo.controller.RoleController.get(java.lang.Long)
2019-04-04 19:41:50 | [34mINFO [0;39m | [1;33mrestartedMain[0;39m | [1;32morg.springframework.web.servlet.mvc.method.annotation.RequestMappingHandlerMapping[0;39m | Mapped "{[/role/{id}],methods=[DELETE]}" onto public com.demo.utils.AjaxResult com.demo.controller.RoleController.delete(java.lang.Long)
2019-04-04 19:41:50 | [34mINFO [0;39m | [1;33mrestartedMain[0;39m | [1;32morg.springframework.web.servlet.mvc.method.annotation.RequestMappingHandlerMapping[0;39m | Mapped "{[/role/list],methods=[GET]}" onto public java.util.List<com.demo.domain.Role> com.demo.controller.RoleController.list()
2019-04-04 19:41:50 | [34mINFO [0;39m | [1;33mrestartedMain[0;39m | [1;32morg.springframework.web.servlet.mvc.method.annotation.RequestMappingHandlerMapping[0;39m | Mapped "{[/role/save],methods=[POST]}" onto public com.demo.utils.AjaxResult com.demo.controller.RoleController.saveOrUpdate(com.demo.domain.Role)
2019-04-04 19:41:50 | [34mINFO [0;39m | [1;33mrestartedMain[0;39m | [1;32morg.springframework.web.servlet.mvc.method.annotation.RequestMappingHandlerMapping[0;39m | Mapped "{[/role/pagelist]}" onto public com.demo.utils.PageList<com.demo.domain.Role> com.demo.controller.RoleController.pagelist(com.demo.query.RoleQuery)
2019-04-04 19:41:50 | [34mINFO [0;39m | [1;33mrestartedMain[0;39m | [1;32morg.springframework.web.servlet.mvc.method.annotation.RequestMappingHandlerMapping[0;39m | Mapped "{[/upload/go]}" onto public java.lang.String com.demo.controller.UploadController.go()
2019-04-04 19:41:50 | [34mINFO [0;39m | [1;33mrestartedMain[0;39m | [1;32morg.springframework.web.servlet.mvc.method.annotation.RequestMappingHandlerMapping[0;39m | Mapped "{[/upload/file]}" onto public org.springframework.web.servlet.ModelAndView com.demo.controller.UploadController.listfile(org.springframework.web.servlet.ModelAndView)
2019-04-04 19:41:50 | [34mINFO [0;39m | [1;33mrestartedMain[0;39m | [1;32morg.springframework.web.servlet.mvc.method.annotation.RequestMappingHandlerMapping[0;39m | Mapped "{[/upload/up]}" onto public com.demo.utils.AjaxResult com.demo.controller.UploadController.upload(org.springframework.web.multipart.MultipartFile[],javax.servlet.http.HttpServletRequest,javax.servlet.http.HttpServletResponse) throws java.lang.Exception
2019-04-04 19:41:50 | [34mINFO [0;39m | [1;33mrestartedMain[0;39m | [1;32morg.springframework.web.servlet.mvc.method.annotation.RequestMappingHandlerMapping[0;39m | Mapped "{[/upload/download]}" onto public void com.demo.controller.UploadController.download(com.demo.domain.Upload,javax.servlet.http.HttpServletRequest,javax.servlet.http.HttpServletResponse) throws java.io.IOException
2019-04-04 19:41:50 | [34mINFO [0;39m | [1;33mrestartedMain[0;39m | [1;32morg.springframework.web.servlet.mvc.method.annotation.RequestMappingHandlerMapping[0;39m | Mapped "{[/error]}" onto public org.springframework.http.ResponseEntity<java.util.Map<java.lang.String, java.lang.Object>> org.springframework.boot.autoconfigure.web.servlet.error.BasicErrorController.error(javax.servlet.http.HttpServletRequest)
2019-04-04 19:41:50 | [34mINFO [0;39m | [1;33mrestartedMain[0;39m | [1;32morg.springframework.web.servlet.mvc.method.annotation.RequestMappingHandlerMapping[0;39m | Mapped "{[/error],produces=[text/html]}" onto public org.springframework.web.servlet.ModelAndView org.springframework.boot.autoconfigure.web.servlet.error.BasicErrorController.errorHtml(javax.servlet.http.HttpServletRequest,javax.servlet.http.HttpServletResponse)
2019-04-04 19:41:50 | [34mINFO [0;39m | [1;33mrestartedMain[0;39m | [1;32morg.springframework.web.servlet.handler.SimpleUrlHandlerMapping[0;39m | Mapped URL path [/webjars/**] onto handler of type [class org.springframework.web.servlet.resource.ResourceHttpRequestHandler]
2019-04-04 19:41:50 | [34mINFO [0;39m | [1;33mrestartedMain[0;39m | [1;32morg.springframework.web.servlet.handler.SimpleUrlHandlerMapping[0;39m | Mapped URL path [/**] onto handler of type [class org.springframework.web.servlet.resource.ResourceHttpRequestHandler]
2019-04-04 19:41:50 | [34mINFO [0;39m | [1;33mrestartedMain[0;39m | [1;32morg.springframework.boot.devtools.autoconfigure.OptionalLiveReloadServer[0;39m | LiveReload server is running on port 35729
2019-04-04 19:41:50 | [34mINFO [0;39m | [1;33mrestartedMain[0;39m | [1;32morg.springframework.jmx.export.annotation.AnnotationMBeanExporter[0;39m | Registering beans for JMX exposure on startup
2019-04-04 19:41:50 | [34mINFO [0;39m | [1;33mrestartedMain[0;39m | [1;32morg.springframework.jmx.export.annotation.AnnotationMBeanExporter[0;39m | Bean with name 'dataSource' has been autodetected for JMX exposure
2019-04-04 19:41:50 | [34mINFO [0;39m | [1;33mrestartedMain[0;39m | [1;32morg.springframework.jmx.export.annotation.AnnotationMBeanExporter[0;39m | Located MBean 'dataSource': registering with JMX server as MBean [com.zaxxer.hikari:name=dataSource,type=HikariDataSource]
2019-04-04 19:41:50 | [34mINFO [0;39m | [1;33mrestartedMain[0;39m | [1;32morg.apache.coyote.http11.Http11NioProtocol[0;39m | Starting ProtocolHandler ["http-nio-8080"]
2019-04-04 19:41:50 | [34mINFO [0;39m | [1;33mrestartedMain[0;39m | [1;32morg.apache.tomcat.util.net.NioSelectorPool[0;39m | Using a shared selector for servlet write/read
2019-04-04 19:41:50 | [34mINFO [0;39m | [1;33mrestartedMain[0;39m | [1;32morg.springframework.boot.web.embedded.tomcat.TomcatWebServer[0;39m | Tomcat started on port(s): 8080 (http) with context path ''
2019-04-04 19:41:50 | [34mINFO [0;39m | [1;33mrestartedMain[0;39m | [1;32mcom.demo.Application[0;39m | Started Application in 3.319 seconds (JVM running for 3.697)
